<?xml version="1.0" encoding="UTF-8"?>
<!-- Generated by org.testng.reporters.JUnitReportReporter -->
<testsuite hostname="reddevil" name="com.guru99.tests.TestGuru99HomePage" tests="1" failures="0" timestamp="11 Aug 2018 17:26:02 GMT" time="0.485" errors="0">
  <testcase name="test_Home_Page_DashBoard_UserName" time="0.485" classname="com.guru99.tests.TestGuru99HomePage"/>
</testsuite>
