<?xml version="1.0" encoding="UTF-8"?>
<!-- Generated by org.testng.reporters.JUnitReportReporter -->
<testsuite hostname="reddevil" name="com.examples.testng.parameters.testparameters" tests="1" failures="0" timestamp="26 Jul 2018 02:09:53 GMT" time="0.012" errors="0">
  <testcase name="testSingleString" time="0.012" classname="com.examples.testng.parameters.testparameters"/>
</testsuite>
